# JRE version: OpenJDK Runtime Environment (8.0_152-b01) (build 1.8.0_152-release-1248-b01)
# Java VM: OpenJDK 64-Bit Server VM (25.152-b01 mixed mode linux-amd64 compressed oops)
Heap:
 PSYoungGen      total 284160K, used 0K [0x00000000e0000000, 0x0000000100000000, 0x0000000100000000)
  eden space 195584K, 0% used [0x00000000e0000000,0x00000000e0000000,0x00000000ebf00000)
  from space 88576K, 0% used [0x00000000fa980000,0x00000000fa980000,0x0000000100000000)
  to   space 164352K, 0% used [0x00000000ebf00000,0x00000000ebf00000,0x00000000f5f80000)
 ParOldGen       total 241664K, used 196079K [0x00000000a0000000, 0x00000000aec00000, 0x00000000e0000000)
  object space 241664K, 81% used [0x00000000a0000000,0x00000000abf7bd78,0x00000000aec00000)
 Metaspace       used 116114K, capacity 121616K, committed 125992K, reserved 1159168K
  class space    used 14606K, capacity 15659K, committed 16432K, reserved 1048576K
GC Heap History (10 events):
Event: 3815.924 GC heap after
Heap after GC invocations=36 (full 6):
 PSYoungGen      total 442880K, used 6966K [0x00000000e0000000, 0x00000000ff800000, 0x0000000100000000)
  eden space 374784K, 0% used [0x00000000e0000000,0x00000000e0000000,0x00000000f6e00000)
  from space 68096K, 10% used [0x00000000fb580000,0x00000000fbc4da38,0x00000000ff800000)
  to   space 70656K, 0% used [0x00000000f6e00000,0x00000000f6e00000,0x00000000fb300000)
 ParOldGen       total 224768K, used 88242K [0x00000000a0000000, 0x00000000adb80000, 0x00000000e0000000)
  object space 224768K, 39% used [0x00000000a0000000,0x00000000a562cb38,0x00000000adb80000)
 Metaspace       used 114988K, capacity 120970K, committed 121256K, reserved 1155072K
  class space    used 14701K, capacity 15893K, committed 16048K, reserved 1048576K
}
Event: 3824.168 GC heap before
{Heap before GC invocations=37 (full 6):
 PSYoungGen      total 442880K, used 381750K [0x00000000e0000000, 0x00000000ff800000, 0x0000000100000000)
  eden space 374784K, 100% used [0x00000000e0000000,0x00000000f6e00000,0x00000000f6e00000)
  from space 68096K, 10% used [0x00000000fb580000,0x00000000fbc4da38,0x00000000ff800000)
  to   space 70656K, 0% used [0x00000000f6e00000,0x00000000f6e00000,0x00000000fb300000)
 ParOldGen       total 224768K, used 88242K [0x00000000a0000000, 0x00000000adb80000, 0x00000000e0000000)
  object space 224768K, 39% used [0x00000000a0000000,0x00000000a562cb38,0x00000000adb80000)
 Metaspace       used 116064K, capacity 122098K, committed 122280K, reserved 1155072K
  class space    used 14787K, capacity 15975K, committed 16048K, reserved 1048576K
Event: 3824.265 GC heap after
Heap after GC invocations=37 (full 6):
 PSYoungGen      total 445440K, used 13899K [0x00000000e0000000, 0x00000000ffa80000, 0x0000000100000000)
  eden space 374784K, 0% used [0x00000000e0000000,0x00000000e0000000,0x00000000f6e00000)
  from space 70656K, 19% used [0x00000000f6e00000,0x00000000f7b92dc0,0x00000000fb300000)
  to   space 66560K, 0% used [0x00000000fb980000,0x00000000fb980000,0x00000000ffa80000)
 ParOldGen       total 224768K, used 88250K [0x00000000a0000000, 0x00000000adb80000, 0x00000000e0000000)
  object space 224768K, 39% used [0x00000000a0000000,0x00000000a562eb38,0x00000000adb80000)
 Metaspace       used 116064K, capacity 122098K, committed 122280K, reserved 1155072K
  class space    used 14787K, capacity 15975K, committed 16048K, reserved 1048576K
}
Event: 3829.343 GC heap before
{Heap before GC invocations=38 (full 6):
 PSYoungGen      total 445440K, used 388683K [0x00000000e0000000, 0x00000000ffa80000, 0x0000000100000000)
  eden space 374784K, 100% used [0x00000000e0000000,0x00000000f6e00000,0x00000000f6e00000)
  from space 70656K, 19% used [0x00000000f6e00000,0x00000000f7b92dc0,0x00000000fb300000)
  to   space 66560K, 0% used [0x00000000fb980000,0x00000000fb980000,0x00000000ffa80000)
 ParOldGen       total 224768K, used 88250K [0x00000000a0000000, 0x00000000adb80000, 0x00000000e0000000)
  object space 224768K, 39% used [0x00000000a0000000,0x00000000a562eb38,0x00000000adb80000)
 Metaspace       used 118707K, capacity 124894K, committed 125224K, reserved 1159168K
  class space    used 15121K, capacity 16327K, committed 16432K, reserved 1048576K
Event: 3831.505 GC heap after
Heap after GC invocations=38 (full 6):
 PSYoungGen      total 413696K, used 66537K [0x00000000e0000000, 0x0000000100000000, 0x0000000100000000)
  eden space 347136K, 0% used [0x00000000e0000000,0x00000000e0000000,0x00000000f5300000)
  from space 66560K, 99% used [0x00000000fb980000,0x00000000ffa7a508,0x00000000ffa80000)
  to   space 88576K, 0% used [0x00000000f5300000,0x00000000f5300000,0x00000000fa980000)
 ParOldGen       total 224768K, used 113944K [0x00000000a0000000, 0x00000000adb80000, 0x00000000e0000000)
  object space 224768K, 50% used [0x00000000a0000000,0x00000000a6f461e0,0x00000000adb80000)
 Metaspace       used 118707K, capacity 124894K, committed 125224K, reserved 1159168K
  class space    used 15121K, capacity 16327K, committed 16432K, reserved 1048576K
}
Event: 3833.810 GC heap before
{Heap before GC invocations=39 (full 6):
 PSYoungGen      total 413696K, used 413673K [0x00000000e0000000, 0x0000000100000000, 0x0000000100000000)
  eden space 347136K, 100% used [0x00000000e0000000,0x00000000f5300000,0x00000000f5300000)
  from space 66560K, 99% used [0x00000000fb980000,0x00000000ffa7a508,0x00000000ffa80000)
  to   space 88576K, 0% used [0x00000000f5300000,0x00000000f5300000,0x00000000fa980000)
 ParOldGen       total 224768K, used 113944K [0x00000000a0000000, 0x00000000adb80000, 0x00000000e0000000)
  object space 224768K, 50% used [0x00000000a0000000,0x00000000a6f461e0,0x00000000adb80000)
 Metaspace       used 119175K, capacity 125366K, committed 125736K, reserved 1159168K
  class space    used 15148K, capacity 16333K, committed 16432K, reserved 1048576K
Event: 3836.237 GC heap after
Heap after GC invocations=39 (full 6):
 PSYoungGen      total 435712K, used 88571K [0x00000000e0000000, 0x0000000100000000, 0x0000000100000000)
  eden space 347136K, 0% used [0x00000000e0000000,0x00000000e0000000,0x00000000f5300000)
  from space 88576K, 99% used [0x00000000f5300000,0x00000000fa97ecd8,0x00000000fa980000)
  to   space 88576K, 0% used [0x00000000fa980000,0x00000000fa980000,0x0000000100000000)
 ParOldGen       total 224768K, used 138600K [0x00000000a0000000, 0x00000000adb80000, 0x00000000e0000000)
  object space 224768K, 61% used [0x00000000a0000000,0x00000000a875a0a8,0x00000000adb80000)
 Metaspace       used 119175K, capacity 125366K, committed 125736K, reserved 1159168K
  class space    used 15148K, capacity 16333K, committed 16432K, reserved 1048576K
}
Event: 3841.676 GC heap before
{Heap before GC invocations=40 (full 6):
 PSYoungGen      total 435712K, used 435707K [0x00000000e0000000, 0x0000000100000000, 0x0000000100000000)
  eden space 347136K, 100% used [0x00000000e0000000,0x00000000f5300000,0x00000000f5300000)
  from space 88576K, 99% used [0x00000000f5300000,0x00000000fa97ecd8,0x00000000fa980000)
  to   space 88576K, 0% used [0x00000000fa980000,0x00000000fa980000,0x0000000100000000)
 ParOldGen       total 224768K, used 138600K [0x00000000a0000000, 0x00000000adb80000, 0x00000000e0000000)
  object space 224768K, 61% used [0x00000000a0000000,0x00000000a875a0a8,0x00000000adb80000)
 Metaspace       used 119471K, capacity 125682K, committed 125992K, reserved 1159168K
  class space    used 15152K, capacity 16365K, committed 16432K, reserved 1048576K
Event: 3843.316 GC heap after
Heap after GC invocations=40 (full 6):
 PSYoungGen      total 284160K, used 88557K [0x00000000e0000000, 0x0000000100000000, 0x0000000100000000)
  eden space 195584K, 0% used [0x00000000e0000000,0x00000000e0000000,0x00000000ebf00000)
  from space 88576K, 99% used [0x00000000fa980000,0x00000000ffffb458,0x0000000100000000)
  to   space 164352K, 0% used [0x00000000ebf00000,0x00000000ebf00000,0x00000000f5f80000)
 ParOldGen       total 241664K, used 241261K [0x00000000a0000000, 0x00000000aec00000, 0x00000000e0000000)
  object space 241664K, 99% used [0x00000000a0000000,0x00000000aeb9b5e0,0x00000000aec00000)
 Metaspace       used 119471K, capacity 125682K, committed 125992K, reserved 1159168K
  class space    used 15152K, capacity 16365K, committed 16432K, reserved 1048576K
}
Event: 3843.317 GC heap before
{Heap before GC invocations=41 (full 7):
 PSYoungGen      total 284160K, used 88557K [0x00000000e0000000, 0x0000000100000000, 0x0000000100000000)
  eden space 195584K, 0% used [0x00000000e0000000,0x00000000e0000000,0x00000000ebf00000)
  from space 88576K, 99% used [0x00000000fa980000,0x00000000ffffb458,0x0000000100000000)
  to   space 164352K, 0% used [0x00000000ebf00000,0x00000000ebf00000,0x00000000f5f80000)
 ParOldGen       total 241664K, used 241261K [0x00000000a0000000, 0x00000000aec00000, 0x00000000e0000000)
  object space 241664K, 99% used [0x00000000a0000000,0x00000000aeb9b5e0,0x00000000aec00000)
 Metaspace       used 119471K, capacity 125682K, committed 125992K, reserved 1159168K
  class space    used 15152K, capacity 16365K, committed 16432K, reserved 1048576K

