# JRE version: OpenJDK Runtime Environment (8.0_152-b01) (build 1.8.0_152-release-1248-b01)
# Java VM: OpenJDK 64-Bit Server VM (25.152-b01 mixed mode linux-amd64 compressed oops)
Heap:
 PSYoungGen      total 406016K, used 48635K [0x00000000e0000000, 0x00000000fbc00000, 0x0000000100000000)
  eden space 357376K, 0% used [0x00000000e0000000,0x00000000e0000000,0x00000000f5d00000)
  from space 48640K, 99% used [0x00000000f5d00000,0x00000000f8c7ed90,0x00000000f8c80000)
  to   space 40960K, 0% used [0x00000000f9400000,0x00000000f9400000,0x00000000fbc00000)
 ParOldGen       total 145408K, used 76425K [0x00000000a0000000, 0x00000000a8e00000, 0x00000000e0000000)
  object space 145408K, 52% used [0x00000000a0000000,0x00000000a4aa2798,0x00000000a8e00000)
 Metaspace       used 84628K, capacity 88080K, committed 88360K, reserved 1126400K
  class space    used 10993K, capacity 11698K, committed 11824K, reserved 1048576K
GC Heap History (10 events):
Event: 393.870 GC heap after
Heap after GC invocations=20 (full 3):
 PSYoungGen      total 288256K, used 25066K [0x00000000e0000000, 0x00000000f9880000, 0x0000000100000000)
  eden space 263168K, 0% used [0x00000000e0000000,0x00000000e0000000,0x00000000f0100000)
  from space 25088K, 99% used [0x00000000f0100000,0x00000000f197a9e0,0x00000000f1980000)
  to   space 53248K, 0% used [0x00000000f6480000,0x00000000f6480000,0x00000000f9880000)
 ParOldGen       total 121856K, used 121376K [0x00000000a0000000, 0x00000000a7700000, 0x00000000e0000000)
  object space 121856K, 99% used [0x00000000a0000000,0x00000000a76883e0,0x00000000a7700000)
 Metaspace       used 71542K, capacity 73800K, committed 73896K, reserved 1114112K
  class space    used 9355K, capacity 9876K, committed 9904K, reserved 1048576K
}
Event: 393.871 GC heap before
{Heap before GC invocations=21 (full 4):
 PSYoungGen      total 288256K, used 25066K [0x00000000e0000000, 0x00000000f9880000, 0x0000000100000000)
  eden space 263168K, 0% used [0x00000000e0000000,0x00000000e0000000,0x00000000f0100000)
  from space 25088K, 99% used [0x00000000f0100000,0x00000000f197a9e0,0x00000000f1980000)
  to   space 53248K, 0% used [0x00000000f6480000,0x00000000f6480000,0x00000000f9880000)
 ParOldGen       total 121856K, used 121376K [0x00000000a0000000, 0x00000000a7700000, 0x00000000e0000000)
  object space 121856K, 99% used [0x00000000a0000000,0x00000000a76883e0,0x00000000a7700000)
 Metaspace       used 71542K, capacity 73800K, committed 73896K, reserved 1114112K
  class space    used 9355K, capacity 9876K, committed 9904K, reserved 1048576K
Event: 395.317 GC heap after
Heap after GC invocations=21 (full 4):
 PSYoungGen      total 288256K, used 0K [0x00000000e0000000, 0x00000000f9880000, 0x0000000100000000)
  eden space 263168K, 0% used [0x00000000e0000000,0x00000000e0000000,0x00000000f0100000)
  from space 25088K, 0% used [0x00000000f0100000,0x00000000f0100000,0x00000000f1980000)
  to   space 53248K, 0% used [0x00000000f6480000,0x00000000f6480000,0x00000000f9880000)
 ParOldGen       total 145408K, used 56796K [0x00000000a0000000, 0x00000000a8e00000, 0x00000000e0000000)
  object space 145408K, 39% used [0x00000000a0000000,0x00000000a37773a8,0x00000000a8e00000)
 Metaspace       used 69494K, capacity 71678K, committed 73896K, reserved 1114112K
  class space    used 9062K, capacity 9577K, committed 9904K, reserved 1048576K
}
Event: 398.838 GC heap before
{Heap before GC invocations=22 (full 4):
 PSYoungGen      total 288256K, used 263168K [0x00000000e0000000, 0x00000000f9880000, 0x0000000100000000)
  eden space 263168K, 100% used [0x00000000e0000000,0x00000000f0100000,0x00000000f0100000)
  from space 25088K, 0% used [0x00000000f0100000,0x00000000f0100000,0x00000000f1980000)
  to   space 53248K, 0% used [0x00000000f6480000,0x00000000f6480000,0x00000000f9880000)
 ParOldGen       total 145408K, used 56796K [0x00000000a0000000, 0x00000000a8e00000, 0x00000000e0000000)
  object space 145408K, 39% used [0x00000000a0000000,0x00000000a37773a8,0x00000000a8e00000)
 Metaspace       used 71703K, capacity 74142K, committed 74536K, reserved 1114112K
  class space    used 9341K, capacity 9879K, committed 10032K, reserved 1048576K
Event: 398.853 GC heap after
Heap after GC invocations=22 (full 4):
 PSYoungGen      total 364032K, used 6896K [0x00000000e0000000, 0x00000000f9680000, 0x0000000100000000)
  eden space 312832K, 0% used [0x00000000e0000000,0x00000000e0000000,0x00000000f3180000)
  from space 51200K, 13% used [0x00000000f6480000,0x00000000f6b3c048,0x00000000f9680000)
  to   space 51712K, 0% used [0x00000000f3180000,0x00000000f3180000,0x00000000f6400000)
 ParOldGen       total 145408K, used 56804K [0x00000000a0000000, 0x00000000a8e00000, 0x00000000e0000000)
  object space 145408K, 39% used [0x00000000a0000000,0x00000000a37793a8,0x00000000a8e00000)
 Metaspace       used 71703K, capacity 74142K, committed 74536K, reserved 1114112K
  class space    used 9341K, capacity 9879K, committed 10032K, reserved 1048576K
}
Event: 404.942 GC heap before
{Heap before GC invocations=23 (full 4):
 PSYoungGen      total 364032K, used 318568K [0x00000000e0000000, 0x00000000f9680000, 0x0000000100000000)
  eden space 312832K, 99% used [0x00000000e0000000,0x00000000f305e170,0x00000000f3180000)
  from space 51200K, 13% used [0x00000000f6480000,0x00000000f6b3c048,0x00000000f9680000)
  to   space 51712K, 0% used [0x00000000f3180000,0x00000000f3180000,0x00000000f6400000)
 ParOldGen       total 145408K, used 56804K [0x00000000a0000000, 0x00000000a8e00000, 0x00000000e0000000)
  object space 145408K, 39% used [0x00000000a0000000,0x00000000a37793a8,0x00000000a8e00000)
 Metaspace       used 80756K, capacity 83904K, committed 84136K, reserved 1122304K
  class space    used 10486K, capacity 11140K, committed 11184K, reserved 1048576K
Event: 404.960 GC heap after
Heap after GC invocations=23 (full 4):
 PSYoungGen      total 364544K, used 11729K [0x00000000e0000000, 0x00000000fc400000, 0x0000000100000000)
  eden space 312832K, 0% used [0x00000000e0000000,0x00000000e0000000,0x00000000f3180000)
  from space 51712K, 22% used [0x00000000f3180000,0x00000000f3cf46b8,0x00000000f6400000)
  to   space 49152K, 0% used [0x00000000f9400000,0x00000000f9400000,0x00000000fc400000)
 ParOldGen       total 145408K, used 56812K [0x00000000a0000000, 0x00000000a8e00000, 0x00000000e0000000)
  object space 145408K, 39% used [0x00000000a0000000,0x00000000a377b3a8,0x00000000a8e00000)
 Metaspace       used 80756K, capacity 83904K, committed 84136K, reserved 1122304K
  class space    used 10486K, capacity 11140K, committed 11184K, reserved 1048576K
}
Event: 418.261 GC heap before
{Heap before GC invocations=24 (full 4):
 PSYoungGen      total 364544K, used 324231K [0x00000000e0000000, 0x00000000fc400000, 0x0000000100000000)
  eden space 312832K, 99% used [0x00000000e0000000,0x00000000f312d5f8,0x00000000f3180000)
  from space 51712K, 22% used [0x00000000f3180000,0x00000000f3cf46b8,0x00000000f6400000)
  to   space 49152K, 0% used [0x00000000f9400000,0x00000000f9400000,0x00000000fc400000)
 ParOldGen       total 145408K, used 56812K [0x00000000a0000000, 0x00000000a8e00000, 0x00000000e0000000)
  object space 145408K, 39% used [0x00000000a0000000,0x00000000a377b3a8,0x00000000a8e00000)
 Metaspace       used 81114K, capacity 84340K, committed 84520K, reserved 1122304K
  class space    used 10520K, capacity 11188K, committed 11312K, reserved 1048576K
Event: 418.294 GC heap after
Heap after GC invocations=24 (full 4):
 PSYoungGen      total 398336K, used 23938K [0x00000000e0000000, 0x00000000fbc00000, 0x0000000100000000)
  eden space 357376K, 0% used [0x00000000e0000000,0x00000000e0000000,0x00000000f5d00000)
  from space 40960K, 58% used [0x00000000f9400000,0x00000000fab60b10,0x00000000fbc00000)
  to   space 48640K, 0% used [0x00000000f5d00000,0x00000000f5d00000,0x00000000f8c80000)
 ParOldGen       total 145408K, used 56820K [0x00000000a0000000, 0x00000000a8e00000, 0x00000000e0000000)
  object space 145408K, 39% used [0x00000000a0000000,0x00000000a377d3a8,0x00000000a8e00000)
 Metaspace       used 81114K, capacity 84340K, committed 84520K, reserved 1122304K
  class space    used 10520K, capacity 11188K, committed 11312K, reserved 1048576K
}
Event: 579.915 GC heap before
{Heap before GC invocations=25 (full 4):
 PSYoungGen      total 398336K, used 381314K [0x00000000e0000000, 0x00000000fbc00000, 0x0000000100000000)
  eden space 357376K, 100% used [0x00000000e0000000,0x00000000f5d00000,0x00000000f5d00000)
  from space 40960K, 58% used [0x00000000f9400000,0x00000000fab60b10,0x00000000fbc00000)
  to   space 48640K, 0% used [0x00000000f5d00000,0x00000000f5d00000,0x00000000f8c80000)
 ParOldGen       total 145408K, used 56820K [0x00000000a0000000, 0x00000000a8e00000, 0x00000000e0000000)
  object space 145408K, 39% used [0x00000000a0000000,0x00000000a377d3a8,0x00000000a8e00000)
 Metaspace       used 84628K, capacity 88080K, committed 88360K, reserved 1126400K
  class space    used 10993K, capacity 11698K, committed 11824K, reserved 1048576K

